#
# There is insufficient memory for the Java Runtime Environment to continue.
# Native memory allocation (malloc) failed to allocate 114416 bytes for Chunk::new
# Possible reasons:
#   The system is out of physical RAM or swap space
#   In 32 bit mode, the process size limit was hit
# Possible solutions:
#   Reduce memory load on the system
#   Increase physical memory or swap space
#   Check if swap backing store is full
#   Use 64 bit Java on a 64 bit OS
#   Decrease Java heap size (-Xmx/-Xms)
#   Decrease number of Java threads
#   Decrease Java thread stack sizes (-Xss)
#   Set larger code cache with -XX:ReservedCodeCacheSize=
# This output file may be truncated or incomplete.
#
#  Out of Memory Error (allocation.cpp:390), pid=12308, tid=7640
#
# JRE version: Java(TM) SE Runtime Environment (8.0_25-b18) (build 1.8.0_25-b18)
# Java VM: Java HotSpot(TM) 64-Bit Server VM (25.25-b02 mixed mode windows-amd64 compressed oops)
# Failed to write core dump. Minidumps are not enabled by default on client versions of Windows
#

---------------  T H R E A D  ---------------

Current thread (0x0000000019ac2800):  JavaThread "C2 CompilerThread0" daemon [_thread_in_native, id=7640, stack(0x0000000019f50000,0x000000001a050000)]

Stack: [0x0000000019f50000,0x000000001a050000]
Native frames: (J=compiled Java code, j=interpreted, Vv=VM code, C=native code)
V  [jvm.dll+0x31667a]


Current CompileTask:
C2:   2613 1330 % !   4       java.util.concurrent.ConcurrentHashMap::transfer @ 99 (832 bytes)


---------------  P R O C E S S  ---------------

Java Threads: ( => current thread )
  0x000000001af6e000 JavaThread "background-preinit" [_thread_in_native, id=13564, stack(0x000000001c5f0000,0x000000001c6f0000)]
  0x000000001b001800 JavaThread "restartedMain" [_thread_in_native, id=10532, stack(0x000000001c4f0000,0x000000001c5f0000)]
  0x000000001b03c000 JavaThread "Thread-0" [_thread_blocked, id=11820, stack(0x000000001c3f0000,0x000000001c4f0000)]
  0x0000000019bcc000 JavaThread "Service Thread" daemon [_thread_blocked, id=12004, stack(0x000000001a250000,0x000000001a350000)]
  0x0000000019b81000 JavaThread "C1 CompilerThread2" daemon [_thread_blocked, id=8528, stack(0x000000001a150000,0x000000001a250000)]
  0x0000000019b39000 JavaThread "C2 CompilerThread1" daemon [_thread_in_native, id=7448, stack(0x000000001a050000,0x000000001a150000)]
=>0x0000000019ac2800 JavaThread "C2 CompilerThread0" daemon [_thread_in_native, id=7640, stack(0x0000000019f50000,0x000000001a050000)]
  0x0000000019ac1000 JavaThread "Monitor Ctrl-Break" daemon [_thread_in_native, id=8344, stack(0x0000000019e50000,0x0000000019f50000)]
  0x0000000017cf7000 JavaThread "Attach Listener" daemon [_thread_blocked, id=9460, stack(0x0000000019550000,0x0000000019650000)]
  0x0000000019093800 JavaThread "Signal Dispatcher" daemon [_thread_blocked, id=2136, stack(0x0000000019450000,0x0000000019550000)]
  0x0000000002fea800 JavaThread "Finalizer" daemon [_thread_blocked, id=6536, stack(0x0000000018f50000,0x0000000019050000)]
  0x0000000017ca8000 JavaThread "Reference Handler" daemon [_thread_blocked, id=14600, stack(0x0000000018e50000,0x0000000018f50000)]
  0x0000000002ef9000 JavaThread "main" [_thread_blocked, id=14104, stack(0x0000000002de0000,0x0000000002ee0000)]

Other Threads:
  0x0000000017ca7000 VMThread [stack: 0x0000000018d50000,0x0000000018e50000] [id=3984]
  0x0000000019c47000 WatcherThread [stack: 0x000000001a350000,0x000000001a450000] [id=5080]

VM state:not at safepoint (normal execution)

VM Mutex/Monitor currently owned by a thread: None

Heap:
 PSYoungGen      total 38400K, used 29054K [0x00000000d5f00000, 0x00000000d8980000, 0x0000000100000000)
  eden space 33280K, 71% used [0x00000000d5f00000,0x00000000d7661a78,0x00000000d7f80000)
  from space 5120K, 99% used [0x00000000d7f80000,0x00000000d847e028,0x00000000d8480000)
  to   space 5120K, 0% used [0x00000000d8480000,0x00000000d8480000,0x00000000d8980000)
 ParOldGen       total 87552K, used 5127K [0x0000000081c00000, 0x0000000087180000, 0x00000000d5f00000)
  object space 87552K, 5% used [0x0000000081c00000,0x0000000082101ca8,0x0000000087180000)
 Metaspace       used 14557K, capacity 14964K, committed 15104K, reserved 1062912K
  class space    used 1846K, capacity 1947K, committed 2048K, reserved 1048576K

Card table byte_map: [0x0000000012570000,0x0000000012970000] byte_map_base: 0x0000000012162000

Marking Bits: (ParMarkBitMap*) 0x0000000076e8d490
 Begin Bits: [0x0000000013020000, 0x0000000014fb0000)
 End Bits:   [0x0000000014fb0000, 0x0000000016f40000)

Polling page: 0x0000000001130000

CodeCache: size=245760Kb used=4687Kb max_used=4695Kb free=241072Kb
 bounds [0x00000000031b0000, 0x0000000003650000, 0x00000000121b0000]
 total_blobs=1672 nmethods=1329 adapters=256
 compilation: enabled

Compilation events (10 events):
Event: 2.477 Thread 0x0000000019b81000 nmethod 1325 0x0000000003631890 code [0x0000000003631a00, 0x0000000003631cf0]
Event: 2.482 Thread 0x0000000019b81000 1326       3       java.lang.ThreadLocal::get (38 bytes)
Event: 2.482 Thread 0x0000000019b81000 nmethod 1326 0x00000000036311d0 code [0x0000000003631360, 0x00000000036316e8]
Event: 2.482 Thread 0x0000000019b81000 1327       3       java.lang.ThreadLocal$ThreadLocalMap::getEntry (42 bytes)
Event: 2.482 Thread 0x0000000019b81000 nmethod 1327 0x0000000003643e50 code [0x0000000003643fc0, 0x00000000036442a8]
Event: 2.565 Thread 0x0000000019ac2800 1328       4       jdk.internal.org.objectweb.asm.ByteVector::putShort (52 bytes)
Event: 2.567 Thread 0x0000000019ac2800 nmethod 1328 0x0000000003647910 code [0x0000000003647a60, 0x0000000003647bc8]
Event: 2.583 Thread 0x0000000019b81000 1329       3       java.lang.Enum::<init> (15 bytes)
Event: 2.583 Thread 0x0000000019b81000 nmethod 1329 0x0000000003647550 code [0x00000000036476a0, 0x0000000003647870]
Event: 2.599 Thread 0x0000000019ac2800 1330 % !   4       java.util.concurrent.ConcurrentHashMap::transfer @ 99 (832 bytes)

GC Heap History (6 events):
Event: 1.198 GC heap before
{Heap before GC invocations=1 (full 0):
 PSYoungGen      total 38400K, used 33280K [0x00000000d5f00000, 0x00000000d8980000, 0x0000000100000000)
  eden space 33280K, 100% used [0x00000000d5f00000,0x00000000d7f80000,0x00000000d7f80000)
  from space 5120K, 0% used [0x00000000d8480000,0x00000000d8480000,0x00000000d8980000)
  to   space 5120K, 0% used [0x00000000d7f80000,0x00000000d7f80000,0x00000000d8480000)
 ParOldGen       total 87552K, used 0K [0x0000000081c00000, 0x0000000087180000, 0x00000000d5f00000)
  object space 87552K, 0% used [0x0000000081c00000,0x0000000081c00000,0x0000000087180000)
 Metaspace       used 8027K, capacity 8192K, committed 8448K, reserved 1056768K
  class space    used 924K, capacity 976K, committed 1024K, reserved 1048576K
Event: 1.207 GC heap after
Heap after GC invocations=1 (full 0):
 PSYoungGen      total 38400K, used 4616K [0x00000000d5f00000, 0x00000000d8980000, 0x0000000100000000)
  eden space 33280K, 0% used [0x00000000d5f00000,0x00000000d5f00000,0x00000000d7f80000)
  from space 5120K, 90% used [0x00000000d7f80000,0x00000000d8402380,0x00000000d8480000)
  to   space 5120K, 0% used [0x00000000d8480000,0x00000000d8480000,0x00000000d8980000)
 ParOldGen       total 87552K, used 8K [0x0000000081c00000, 0x0000000087180000, 0x00000000d5f00000)
  object space 87552K, 0% used [0x0000000081c00000,0x0000000081c02000,0x0000000087180000)
 Metaspace       used 8027K, capacity 8192K, committed 8448K, reserved 1056768K
  class space    used 924K, capacity 976K, committed 1024K, reserved 1048576K
}
Event: 1.556 GC heap before
{Heap before GC invocations=2 (full 0):
 PSYoungGen      total 38400K, used 37896K [0x00000000d5f00000, 0x00000000d8980000, 0x0000000100000000)
  eden space 33280K, 100% used [0x00000000d5f00000,0x00000000d7f80000,0x00000000d7f80000)
  from space 5120K, 90% used [0x00000000d7f80000,0x00000000d8402380,0x00000000d8480000)
  to   space 5120K, 0% used [0x00000000d8480000,0x00000000d8480000,0x00000000d8980000)
 ParOldGen       total 87552K, used 8K [0x0000000081c00000, 0x0000000087180000, 0x00000000d5f00000)
  object space 87552K, 0% used [0x0000000081c00000,0x0000000081c02000,0x0000000087180000)
 Metaspace       used 9570K, capacity 9828K, committed 9984K, reserved 1058816K
  class space    used 1129K, capacity 1193K, committed 1280K, reserved 1048576K
Event: 1.569 GC heap after
Heap after GC invocations=2 (full 0):
 PSYoungGen      total 38400K, used 5088K [0x00000000d5f00000, 0x00000000d8980000, 0x0000000100000000)
  eden space 33280K, 0% used [0x00000000d5f00000,0x00000000d5f00000,0x00000000d7f80000)
  from space 5120K, 99% used [0x00000000d8480000,0x00000000d8978028,0x00000000d8980000)
  to   space 5120K, 0% used [0x00000000d7f80000,0x00000000d7f80000,0x00000000d8480000)
 ParOldGen       total 87552K, used 3219K [0x0000000081c00000, 0x0000000087180000, 0x00000000d5f00000)
  object space 87552K, 3% used [0x0000000081c00000,0x0000000081f24fc8,0x0000000087180000)
 Metaspace       used 9570K, capacity 9828K, committed 9984K, reserved 1058816K
  class space    used 1129K, capacity 1193K, committed 1280K, reserved 1048576K
}
Event: 1.993 GC heap before
{Heap before GC invocations=3 (full 0):
 PSYoungGen      total 38400K, used 38368K [0x00000000d5f00000, 0x00000000d8980000, 0x0000000100000000)
  eden space 33280K, 100% used [0x00000000d5f00000,0x00000000d7f80000,0x00000000d7f80000)
  from space 5120K, 99% used [0x00000000d8480000,0x00000000d8978028,0x00000000d8980000)
  to   space 5120K, 0% used [0x00000000d7f80000,0x00000000d7f80000,0x00000000d8480000)
 ParOldGen       total 87552K, used 3219K [0x0000000081c00000, 0x0000000087180000, 0x00000000d5f00000)
  object space 87552K, 3% used [0x0000000081c00000,0x0000000081f24fc8,0x0000000087180000)
 Metaspace       used 12832K, capacity 13222K, committed 13568K, reserved 1060864K
  class space    used 1562K, capacity 1670K, committed 1792K, reserved 1048576K
Event: 2.003 GC heap after
Heap after GC invocations=3 (full 0):
 PSYoungGen      total 38400K, used 5112K [0x00000000d5f00000, 0x00000000d8980000, 0x0000000100000000)
  eden space 33280K, 0% used [0x00000000d5f00000,0x00000000d5f00000,0x00000000d7f80000)
  from space 5120K, 99% used [0x00000000d7f80000,0x00000000d847e028,0x00000000d8480000)
  to   space 5120K, 0% used [0x00000000d8480000,0x00000000d8480000,0x00000000d8980000)
 ParOldGen       total 87552K, used 5127K [0x0000000081c00000, 0x0000000087180000, 0x00000000d5f00000)
  object space 87552K, 5% used [0x0000000081c00000,0x0000000082101ca8,0x0000000087180000)
 Metaspace       used 12832K, capacity 13222K, committed 13568K, reserved 1060864K
  class space    used 1562K, capacity 1670K, committed 1792K, reserved 1048576K
}

Deoptimization events (10 events):
Event: 1.383 Thread 0x0000000002ef9000 Uncommon trap: reason=unreached action=reinterpret pc=0x00000000034d4b38 method=java.lang.ThreadLocal$ThreadLocalMap.getEntry(Ljava/lang/ThreadLocal;)Ljava/lang/ThreadLocal$ThreadLocalMap$Entry; @ 21
Event: 1.424 Thread 0x000000001b001800 Uncommon trap: reason=class_check action=maybe_recompile pc=0x0000000003361328 method=sun.misc.URLClassPath.getLoader(I)Lsun/misc/URLClassPath$Loader; @ 94
Event: 1.480 Thread 0x000000001b001800 Uncommon trap: reason=unreached action=reinterpret pc=0x000000000351a76c method=java.lang.ThreadLocal$ThreadLocalMap.getEntry(Ljava/lang/ThreadLocal;)Ljava/lang/ThreadLocal$ThreadLocalMap$Entry; @ 21
Event: 1.641 Thread 0x000000001af6e000 Uncommon trap: reason=unreached action=reinterpret pc=0x00000000034d3a2c method=java.util.HashMap.hash(Ljava/lang/Object;)I @ 1
Event: 1.641 Thread 0x000000001af6e000 Uncommon trap: reason=unreached action=reinterpret pc=0x0000000003526ae8 method=java.util.HashMap.hash(Ljava/lang/Object;)I @ 1
Event: 1.706 Thread 0x000000001b001800 Uncommon trap: reason=unloaded action=reinterpret pc=0x00000000035cef84 method=org.springframework.util.ConcurrentReferenceHashMap$Segment.restructureIfNecessary(Z)V @ 331
Event: 1.706 Thread 0x000000001af6e000 Uncommon trap: reason=unloaded action=reinterpret pc=0x00000000035cef84 method=org.springframework.util.ConcurrentReferenceHashMap$Segment.restructureIfNecessary(Z)V @ 331
Event: 2.424 Thread 0x000000001af6e000 Uncommon trap: reason=bimorphic action=maybe_recompile pc=0x00000000034cf818 method=java.util.HashMap.putVal(ILjava/lang/Object;Ljava/lang/Object;ZZ)Ljava/lang/Object; @ 203
Event: 2.429 Thread 0x000000001af6e000 Uncommon trap: reason=bimorphic action=maybe_recompile pc=0x00000000034cf818 method=java.util.HashMap.putVal(ILjava/lang/Object;Ljava/lang/Object;ZZ)Ljava/lang/Object; @ 203
Event: 2.433 Thread 0x000000001af6e000 Uncommon trap: reason=bimorphic action=maybe_recompile pc=0x00000000034cf818 method=java.util.HashMap.putVal(ILjava/lang/Object;Ljava/lang/Object;ZZ)Ljava/lang/Object; @ 203

Internal exceptions (10 events):
Event: 2.599 Thread 0x000000001af6e000 Exception <a 'java/security/PrivilegedActionException'> (0x00000000d7529210) thrown at [D:\re\workspace\8-2-build-windows-amd64-cygwin\jdk8u25\1677\hotspot\src\share\vm\prims\jvm.cpp, line 1312]
Event: 2.600 Thread 0x000000001af6e000 Exception <a 'java/security/PrivilegedActionException'> (0x00000000d753dd10) thrown at [D:\re\workspace\8-2-build-windows-amd64-cygwin\jdk8u25\1677\hotspot\src\share\vm\prims\jvm.cpp, line 1312]
Event: 2.600 Thread 0x000000001af6e000 Exception <a 'java/security/PrivilegedActionException'> (0x00000000d754dc30) thrown at [D:\re\workspace\8-2-build-windows-amd64-cygwin\jdk8u25\1677\hotspot\src\share\vm\prims\jvm.cpp, line 1312]
Event: 2.602 Thread 0x000000001af6e000 Exception <a 'java/security/PrivilegedActionException'> (0x00000000d7565ec8) thrown at [D:\re\workspace\8-2-build-windows-amd64-cygwin\jdk8u25\1677\hotspot\src\share\vm\prims\jvm.cpp, line 1312]
Event: 2.603 Thread 0x000000001af6e000 Exception <a 'java/security/PrivilegedActionException'> (0x00000000d7580dd8) thrown at [D:\re\workspace\8-2-build-windows-amd64-cygwin\jdk8u25\1677\hotspot\src\share\vm\prims\jvm.cpp, line 1312]
Event: 2.604 Thread 0x000000001af6e000 Exception <a 'java/security/PrivilegedActionException'> (0x00000000d7593de8) thrown at [D:\re\workspace\8-2-build-windows-amd64-cygwin\jdk8u25\1677\hotspot\src\share\vm\prims\jvm.cpp, line 1312]
Event: 2.606 Thread 0x000000001af6e000 Exception <a 'java/security/PrivilegedActionException'> (0x00000000d75b4358) thrown at [D:\re\workspace\8-2-build-windows-amd64-cygwin\jdk8u25\1677\hotspot\src\share\vm\prims\jvm.cpp, line 1312]
Event: 2.606 Thread 0x000000001af6e000 Exception <a 'java/security/PrivilegedActionException'> (0x00000000d75c3278) thrown at [D:\re\workspace\8-2-build-windows-amd64-cygwin\jdk8u25\1677\hotspot\src\share\vm\prims\jvm.cpp, line 1312]
Event: 2.608 Thread 0x000000001af6e000 Exception <a 'java/security/PrivilegedActionException'> (0x00000000d75e2590) thrown at [D:\re\workspace\8-2-build-windows-amd64-cygwin\jdk8u25\1677\hotspot\src\share\vm\prims\jvm.cpp, line 1312]
Event: 2.609 Thread 0x000000001af6e000 Exception <a 'java/security/PrivilegedActionException'> (0x00000000d75fde60) thrown at [D:\re\workspace\8-2-build-windows-amd64-cygwin\jdk8u25\1677\hotspot\src\share\vm\prims\jvm.cpp, line 1312]

Events (10 events):
Event: 2.604 loading class org/springframework/http/converter/json/Jackson2ObjectMapperBuilder
Event: 2.604 loading class org/springframework/http/converter/json/Jackson2ObjectMapperBuilder done
Event: 2.606 loading class com/fasterxml/jackson/databind/Module
Event: 2.606 loading class com/fasterxml/jackson/databind/Module done
Event: 2.606 loading class com/fasterxml/jackson/databind/module/SimpleModule
Event: 2.606 loading class com/fasterxml/jackson/databind/module/SimpleModule done
Event: 2.608 loading class com/fasterxml/jackson/databind/cfg/HandlerInstantiator
Event: 2.608 loading class com/fasterxml/jackson/databind/cfg/HandlerInstantiator done
Event: 2.608 loading class org/springframework/http/converter/json/SpringHandlerInstantiator
Event: 2.608 loading class org/springframework/http/converter/json/SpringHandlerInstantiator done


Dynamic libraries:
0x00007ff7bea80000 - 0x00007ff7beab4000 	C:\Program Files\Java\jdk1.8.0_25\bin\java.exe
0x00007fff7e4e0000 - 0x00007fff7e6c1000 	C:\WINDOWS\SYSTEM32\ntdll.dll
0x00007fff7ba80000 - 0x00007fff7bb31000 	C:\WINDOWS\System32\KERNEL32.DLL
0x00007fff7acb0000 - 0x00007fff7af23000 	C:\WINDOWS\System32\KERNELBASE.dll
0x00007fff7c600000 - 0x00007fff7c6a1000 	C:\WINDOWS\System32\ADVAPI32.dll
0x00007fff7bda0000 - 0x00007fff7be3e000 	C:\WINDOWS\System32\msvcrt.dll
0x00007fff7ba00000 - 0x00007fff7ba5b000 	C:\WINDOWS\System32\sechost.dll
0x00007fff7c320000 - 0x00007fff7c444000 	C:\WINDOWS\System32\RPCRT4.dll
0x00007fff7be40000 - 0x00007fff7bfd1000 	C:\WINDOWS\System32\USER32.dll
0x00007fff7b930000 - 0x00007fff7b950000 	C:\WINDOWS\System32\win32u.dll
0x00007fff7cda0000 - 0x00007fff7cdc8000 	C:\WINDOWS\System32\GDI32.dll
0x00007fff7a990000 - 0x00007fff7ab21000 	C:\WINDOWS\System32\gdi32full.dll
0x00007fff7a8f0000 - 0x00007fff7a98f000 	C:\WINDOWS\System32\msvcp_win.dll
0x00007fff7ab30000 - 0x00007fff7ac28000 	C:\WINDOWS\System32\ucrtbase.dll
0x00007fff606d0000 - 0x00007fff60939000 	C:\WINDOWS\WinSxS\amd64_microsoft.windows.common-controls_6595b64144ccf1df_6.0.17134.1130_none_d3ff42617c90becf\COMCTL32.dll
0x00007fff7bff0000 - 0x00007fff7c311000 	C:\WINDOWS\System32\combase.dll
0x00007fff7ac30000 - 0x00007fff7aca9000 	C:\WINDOWS\System32\bcryptPrimitives.dll
0x00007fff7cea0000 - 0x00007fff7cecd000 	C:\WINDOWS\System32\IMM32.DLL
0x0000000051740000 - 0x0000000051812000 	C:\Program Files\Java\jdk1.8.0_25\jre\bin\msvcr100.dll
0x00000000766b0000 - 0x0000000076f0a000 	C:\Program Files\Java\jdk1.8.0_25\jre\bin\server\jvm.dll
0x00007fff7ced0000 - 0x00007fff7ced8000 	C:\WINDOWS\System32\PSAPI.DLL
0x00007fff65c80000 - 0x00007fff65c89000 	C:\WINDOWS\SYSTEM32\WSOCK32.dll
0x00007fff7c450000 - 0x00007fff7c4bc000 	C:\WINDOWS\System32\WS2_32.dll
0x00007fff78540000 - 0x00007fff78563000 	C:\WINDOWS\SYSTEM32\WINMM.dll
0x00007fff78510000 - 0x00007fff7853a000 	C:\WINDOWS\SYSTEM32\WINMMBASE.dll
0x00007fff7af30000 - 0x00007fff7af79000 	C:\WINDOWS\System32\cfgmgr32.dll
0x0000000051390000 - 0x000000005139f000 	C:\Program Files\Java\jdk1.8.0_25\jre\bin\verify.dll
0x0000000051360000 - 0x0000000051388000 	C:\Program Files\Java\jdk1.8.0_25\jre\bin\java.dll
0x0000000051310000 - 0x0000000051333000 	C:\Program Files\Java\jdk1.8.0_25\jre\bin\instrument.dll
0x0000000051340000 - 0x0000000051356000 	C:\Program Files\Java\jdk1.8.0_25\jre\bin\zip.dll
0x00007fff7d060000 - 0x00007fff7e4a5000 	C:\WINDOWS\System32\SHELL32.dll
0x00007fff7b950000 - 0x00007fff7b9f9000 	C:\WINDOWS\System32\shcore.dll
0x00007fff7b170000 - 0x00007fff7b880000 	C:\WINDOWS\System32\windows.storage.dll
0x00007fff7c4c0000 - 0x00007fff7c511000 	C:\WINDOWS\System32\shlwapi.dll
0x00007fff7a870000 - 0x00007fff7a881000 	C:\WINDOWS\System32\kernel.appcore.dll
0x00007fff7a850000 - 0x00007fff7a86f000 	C:\WINDOWS\System32\profapi.dll
0x00007fff7a800000 - 0x00007fff7a84c000 	C:\WINDOWS\System32\powrprof.dll
0x00007fff7a7f0000 - 0x00007fff7a7fa000 	C:\WINDOWS\System32\FLTLIB.DLL
0x00007fff6edb0000 - 0x00007fff6edca000 	C:\Program Files\JetBrains\IntelliJ IDEA 2018.3\bin\breakgen64.dll
0x00000000512f0000 - 0x000000005130a000 	C:\Program Files\Java\jdk1.8.0_25\jre\bin\net.dll
0x00007fff79fd0000 - 0x00007fff7a036000 	C:\WINDOWS\system32\mswsock.dll
0x00007fff79d20000 - 0x00007fff79d58000 	C:\WINDOWS\SYSTEM32\IPHLPAPI.DLL
0x00007fff7bb40000 - 0x00007fff7bb48000 	C:\WINDOWS\System32\NSI.dll
0x00007fff701a0000 - 0x00007fff701b6000 	C:\WINDOWS\SYSTEM32\dhcpcsvc6.DLL
0x00007fff703a0000 - 0x00007fff703ba000 	C:\WINDOWS\SYSTEM32\dhcpcsvc.DLL

VM Arguments:
jvm_args: -javaagent:C:\Program Files\JetBrains\IntelliJ IDEA 2018.3\lib\idea_rt.jar=61616:C:\Program Files\JetBrains\IntelliJ IDEA 2018.3\bin -Dfile.encoding=UTF-8 
java_command: org.com.liurz.iresources.servcie.UserApplication
java_class_path (initial): C:\Program Files\Java\jdk1.8.0_25\jre\lib\charsets.jar;C:\Program Files\Java\jdk1.8.0_25\jre\lib\deploy.jar;C:\Program Files\Java\jdk1.8.0_25\jre\lib\ext\access-bridge-64.jar;C:\Program Files\Java\jdk1.8.0_25\jre\lib\ext\cldrdata.jar;C:\Program Files\Java\jdk1.8.0_25\jre\lib\ext\dnsns.jar;C:\Program Files\Java\jdk1.8.0_25\jre\lib\ext\jaccess.jar;C:\Program Files\Java\jdk1.8.0_25\jre\lib\ext\jfxrt.jar;C:\Program Files\Java\jdk1.8.0_25\jre\lib\ext\localedata.jar;C:\Program Files\Java\jdk1.8.0_25\jre\lib\ext\nashorn.jar;C:\Program Files\Java\jdk1.8.0_25\jre\lib\ext\sunec.jar;C:\Program Files\Java\jdk1.8.0_25\jre\lib\ext\sunjce_provider.jar;C:\Program Files\Java\jdk1.8.0_25\jre\lib\ext\sunmscapi.jar;C:\Program Files\Java\jdk1.8.0_25\jre\lib\ext\sunpkcs11.jar;C:\Program Files\Java\jdk1.8.0_25\jre\lib\ext\zipfs.jar;C:\Program Files\Java\jdk1.8.0_25\jre\lib\javaws.jar;C:\Program Files\Java\jdk1.8.0_25\jre\lib\jce.jar;C:\Program Files\Java\jdk1.8.0_25\jre\lib\jfr.jar;C:\Program Files\Java\jdk1.8.0_25\jre\lib\jfxswt.jar;C:\Program Files\Java\jdk1.8.0_25\jre\lib\jsse.jar;C:\Program Files\Java\jdk1.8.0_25\jre\lib\management-agent.jar;C:\Program Files\Java\jdk1.8.0_25\jre\lib\plugin.jar;C:\Program Files\Java\jdk1.8.0_25\jre\lib\resources.jar;C:\Program Files\Java\jdk1.8.0_25\jre\lib\rt.jar;D:\workspace\iresources\com.liurz.iresources.servcie\target\classes;D:\software\java\meaven\M2\repository\org\springframework\boot\spring-boot-starter\2.0.2.RELEASE\spring-boot-starter-2.0.2.RELEASE.jar;D:\software\java\meaven\M2\repository\org\springframework\boot\spring-boot\2.0.2.RELEASE\spring-boot-2.0.2.RELEASE.jar;D:\software\java\meaven\M2\repository\org\springframework\boot\spring-boot-autoconfigure\2.0.2.RELEASE\spring-boot-autoconfigure-2.0.2.RELEASE.jar;D:\software\java\meaven\M2\repository\org\springframework\boot\spring-boot-starter-logging\2.0.2.RELEASE\spring-boot-starter-logging-2.0.2.RELEASE.jar;D:\software\java\meaven\M2\repository\ch\qos\logback
Launcher Type: SUN_STANDARD

Environment Variables:
JAVA_HOME=C:\Program Files\Java\jdk1.8.0_25
CLASSPATH=.;C:\Program Files\Java\jdk1.8.0_25\lib\tools.jar;C:\Program Files\Java\jdk1.8.0_25\lib\dt.jar
PATH=C:\Program Files (x86)\Common Files\Oracle\Java\javapath;C:\ProgramData\Oracle\Java\javapath;C:\Program Files\Java\jdk1.8.0_25\bin;D:\software\java\meaven\apache-maven-3.3.3\bin;C:\Program Files (x86)\Intel\iCLS Client\;C:\Program Files\Intel\iCLS Client\;C:\WINDOWS\system32;C:\WINDOWS;C:\WINDOWS\System32\Wbem;C:\WINDOWS\System32\WindowsPowerShell\v1.0\;C:\Program Files (x86)\Intel\Intel(R) Management Engine Components\DAL;C:\Program Files\Intel\Intel(R) Management Engine Components\DAL;C:\Program Files (x86)\Intel\Intel(R) Management Engine Components\IPT;C:\Program Files\Intel\Intel(R) Management Engine Components\IPT;C:\WINDOWS\System32\OpenSSH\;C:\Program Files\Intel\WiFi\bin\;C:\Program Files\Common Files\Intel\WirelessCommon\;D:\software\java\database\mysql-5.7.23-winx64\mysql-5.7.23-winx64\bin;D:\software\java\database\mongodb\mongodb\bin;D:\software\handel\Git\cmd;D:\software\handel\;C:\Program Files\TortoiseGit\bin;C:\Users\new\AppData\Local\Microsoft\WindowsApps;;D:\software\handel\ssh;C:\Users\new\AppData\Roaming\npm
USERNAME=admin
OS=Windows_NT
PROCESSOR_IDENTIFIER=Intel64 Family 6 Model 142 Stepping 9, GenuineIntel



---------------  S Y S T E M  ---------------

OS: Windows 8.1 , 64 bit Build 9600 

CPU:total 4 (2 cores per cpu, 2 threads per core) family 6 model 142 stepping 9, cmov, cx8, fxsr, mmx, sse, sse2, sse3, ssse3, sse4.1, sse4.2, popcnt, avx, avx2, aes, clmul, erms, lzcnt, ht, tsc, tscinvbit, bmi1, bmi2

Memory: 4k page, physical 8267308k(1260352k free), swap 8267308k(3104k free)

vm_info: Java HotSpot(TM) 64-Bit Server VM (25.25-b02) for windows-amd64 JRE (1.8.0_25-b18), built on Oct  7 2014 14:25:37 by "java_re" with MS VC++ 10.0 (VS2010)

time: Sun Jun 14 17:28:30 2020
elapsed time: 2 seconds (0d 0h 0m 2s)

