#
# There is insufficient memory for the Java Runtime Environment to continue.
# Native memory allocation (malloc) failed to allocate 480104 bytes for AllocateHeap
# Possible reasons:
#   The system is out of physical RAM or swap space
#   In 32 bit mode, the process size limit was hit
# Possible solutions:
#   Reduce memory load on the system
#   Increase physical memory or swap space
#   Check if swap backing store is full
#   Use 64 bit Java on a 64 bit OS
#   Decrease Java heap size (-Xmx/-Xms)
#   Decrease number of Java threads
#   Decrease Java thread stack sizes (-Xss)
#   Set larger code cache with -XX:ReservedCodeCacheSize=
# This output file may be truncated or incomplete.
#
#  Out of Memory Error (memory/allocation.inline.hpp:62), pid=14148, tid=13548
#
# JRE version:  (8.0_25-b18) (build )
# Java VM: Java HotSpot(TM) 64-Bit Server VM (25.25-b02 mixed mode windows-amd64 compressed oops)
# Failed to write core dump. Minidumps are not enabled by default on client versions of Windows
#

---------------  T H R E A D  ---------------

Current thread (0x0000000002a0a000):  JavaThread "Unknown thread" [_thread_in_vm, id=13548, stack(0x0000000002900000,0x0000000002a00000)]

Stack: [0x0000000002900000,0x0000000002a00000]
Native frames: (J=compiled Java code, j=interpreted, Vv=VM code, C=native code)
V  [jvm.dll+0x31667a]
V  [jvm.dll+0x267073]
V  [jvm.dll+0x267cb3]
V  [jvm.dll+0x25f5b5]
V  [jvm.dll+0x5bfe4]
V  [jvm.dll+0xe442e]
V  [jvm.dll+0x1f9aa7]
V  [jvm.dll+0x22b2e4]
V  [jvm.dll+0x14d571]
C  [java.exe+0x20b6]
C  [java.exe+0xc9bb]
C  [java.exe+0xca4f]
C  [KERNEL32.DLL+0x14034]
C  [ntdll.dll+0x73691]


---------------  P R O C E S S  ---------------

Java Threads: ( => current thread )

Other Threads:

=>0x0000000002a0a000 (exited) JavaThread "Unknown thread" [_thread_in_vm, id=13548, stack(0x0000000002900000,0x0000000002a00000)]

VM state:not at safepoint (not fully initialized)

VM Mutex/Monitor currently owned by a thread: None

GC Heap History (0 events):
No events

Deoptimization events (0 events):
No events

Internal exceptions (0 events):
No events

Events (0 events):
No events


Dynamic libraries:
0x00007ff7bea80000 - 0x00007ff7beab4000 	C:\Program Files\Java\jdk1.8.0_25\bin\java.exe
0x00007fff7e4e0000 - 0x00007fff7e6c1000 	C:\WINDOWS\SYSTEM32\ntdll.dll
0x00007fff7ba80000 - 0x00007fff7bb31000 	C:\WINDOWS\System32\KERNEL32.DLL
0x00007fff7acb0000 - 0x00007fff7af23000 	C:\WINDOWS\System32\KERNELBASE.dll
0x00007fff7c600000 - 0x00007fff7c6a1000 	C:\WINDOWS\System32\ADVAPI32.dll
0x00007fff7bda0000 - 0x00007fff7be3e000 	C:\WINDOWS\System32\msvcrt.dll
0x00007fff7ba00000 - 0x00007fff7ba5b000 	C:\WINDOWS\System32\sechost.dll
0x00007fff7c320000 - 0x00007fff7c444000 	C:\WINDOWS\System32\RPCRT4.dll
0x00007fff7be40000 - 0x00007fff7bfd1000 	C:\WINDOWS\System32\USER32.dll
0x00007fff7b930000 - 0x00007fff7b950000 	C:\WINDOWS\System32\win32u.dll
0x00007fff7cda0000 - 0x00007fff7cdc8000 	C:\WINDOWS\System32\GDI32.dll
0x00007fff7a990000 - 0x00007fff7ab21000 	C:\WINDOWS\System32\gdi32full.dll
0x00007fff7a8f0000 - 0x00007fff7a98f000 	C:\WINDOWS\System32\msvcp_win.dll
0x00007fff7ab30000 - 0x00007fff7ac28000 	C:\WINDOWS\System32\ucrtbase.dll
0x00007fff606d0000 - 0x00007fff60939000 	C:\WINDOWS\WinSxS\amd64_microsoft.windows.common-controls_6595b64144ccf1df_6.0.17134.1130_none_d3ff42617c90becf\COMCTL32.dll
0x00007fff7bff0000 - 0x00007fff7c311000 	C:\WINDOWS\System32\combase.dll
0x00007fff7ac30000 - 0x00007fff7aca9000 	C:\WINDOWS\System32\bcryptPrimitives.dll
0x00007fff7cea0000 - 0x00007fff7cecd000 	C:\WINDOWS\System32\IMM32.DLL
0x00000000512c0000 - 0x0000000051392000 	C:\Program Files\Java\jdk1.8.0_25\jre\bin\msvcr100.dll
0x00000000766b0000 - 0x0000000076f0a000 	C:\Program Files\Java\jdk1.8.0_25\jre\bin\server\jvm.dll
0x00007fff7ced0000 - 0x00007fff7ced8000 	C:\WINDOWS\System32\PSAPI.DLL
0x00007fff65c80000 - 0x00007fff65c89000 	C:\WINDOWS\SYSTEM32\WSOCK32.dll
0x00007fff7c450000 - 0x00007fff7c4bc000 	C:\WINDOWS\System32\WS2_32.dll
0x00007fff78540000 - 0x00007fff78563000 	C:\WINDOWS\SYSTEM32\WINMM.dll
0x00007fff78510000 - 0x00007fff7853a000 	C:\WINDOWS\SYSTEM32\WINMMBASE.dll
0x00007fff7af30000 - 0x00007fff7af79000 	C:\WINDOWS\System32\cfgmgr32.dll
0x00000000512b0000 - 0x00000000512bf000 	C:\Program Files\Java\jdk1.8.0_25\jre\bin\verify.dll
0x0000000051280000 - 0x00000000512a8000 	C:\Program Files\Java\jdk1.8.0_25\jre\bin\java.dll
0x0000000051220000 - 0x0000000051255000 	C:\Program Files\Java\jdk1.8.0_25\jre\bin\jdwp.dll
0x0000000051210000 - 0x0000000051218000 	C:\Program Files\Java\jdk1.8.0_25\jre\bin\npt.dll
0x00000000511e0000 - 0x0000000051203000 	C:\Program Files\Java\jdk1.8.0_25\jre\bin\instrument.dll
0x0000000051260000 - 0x0000000051276000 	C:\Program Files\Java\jdk1.8.0_25\jre\bin\zip.dll
0x00007fff79190000 - 0x00007fff79359000 	C:\WINDOWS\SYSTEM32\dbghelp.dll

VM Arguments:
jvm_args: -agentlib:jdwp=transport=dt_socket,address=127.0.0.1:63182,suspend=y,server=n -XX:TieredStopAtLevel=1 -Xverify:none -Dspring.output.ansi.enabled=always -Dcom.sun.management.jmxremote -Dcom.sun.management.jmxremote.port=63181 -Dcom.sun.management.jmxremote.authenticate=false -Dcom.sun.management.jmxremote.ssl=false -Djava.rmi.server.hostname=localhost -Dspring.liveBeansView.mbeanDomain -Dspring.application.admin.enabled=true -javaagent:C:\Users\new\.IntelliJIdea2018.3\system\captureAgent\debugger-agent.jar -Dfile.encoding=UTF-8 
java_command: org.com.liurz.iresources.servcie.UserApplication
java_class_path (initial): C:\Program Files\Java\jdk1.8.0_25\jre\lib\charsets.jar;C:\Program Files\Java\jdk1.8.0_25\jre\lib\deploy.jar;C:\Program Files\Java\jdk1.8.0_25\jre\lib\ext\access-bridge-64.jar;C:\Program Files\Java\jdk1.8.0_25\jre\lib\ext\cldrdata.jar;C:\Program Files\Java\jdk1.8.0_25\jre\lib\ext\dnsns.jar;C:\Program Files\Java\jdk1.8.0_25\jre\lib\ext\jaccess.jar;C:\Program Files\Java\jdk1.8.0_25\jre\lib\ext\jfxrt.jar;C:\Program Files\Java\jdk1.8.0_25\jre\lib\ext\localedata.jar;C:\Program Files\Java\jdk1.8.0_25\jre\lib\ext\nashorn.jar;C:\Program Files\Java\jdk1.8.0_25\jre\lib\ext\sunec.jar;C:\Program Files\Java\jdk1.8.0_25\jre\lib\ext\sunjce_provider.jar;C:\Program Files\Java\jdk1.8.0_25\jre\lib\ext\sunmscapi.jar;C:\Program Files\Java\jdk1.8.0_25\jre\lib\ext\sunpkcs11.jar;C:\Program Files\Java\jdk1.8.0_25\jre\lib\ext\zipfs.jar;C:\Program Files\Java\jdk1.8.0_25\jre\lib\javaws.jar;C:\Program Files\Java\jdk1.8.0_25\jre\lib\jce.jar;C:\Program Files\Java\jdk1.8.0_25\jre\lib\jfr.jar;C:\Program Files\Java\jdk1.8.0_25\jre\lib\jfxswt.jar;C:\Program Files\Java\jdk1.8.0_25\jre\lib\jsse.jar;C:\Program Files\Java\jdk1.8.0_25\jre\lib\management-agent.jar;C:\Program Files\Java\jdk1.8.0_25\jre\lib\plugin.jar;C:\Program Files\Java\jdk1.8.0_25\jre\lib\resources.jar;C:\Program Files\Java\jdk1.8.0_25\jre\lib\rt.jar;D:\workspace\iresources\com.liurz.iresources.servcie\target\classes;D:\software\java\meaven\M2\repository\org\springframework\boot\spring-boot-starter\2.0.2.RELEASE\spring-boot-starter-2.0.2.RELEASE.jar;D:\software\java\meaven\M2\repository\org\springframework\boot\spring-boot\2.0.2.RELEASE\spring-boot-2.0.2.RELEASE.jar;D:\software\java\meaven\M2\repository\org\springframework\boot\spring-boot-autoconfigure\2.0.2.RELEASE\spring-boot-autoconfigure-2.0.2.RELEASE.jar;D:\software\java\meaven\M2\repository\org\springframework\boot\spring-boot-starter-logging\2.0.2.RELEASE\spring-boot-starter-logging-2.0.2.RELEASE.jar;D:\software\java\meaven\M2\repository\ch\qos\logback
Launcher Type: SUN_STANDARD

Environment Variables:
JAVA_HOME=C:\Program Files\Java\jdk1.8.0_25
CLASSPATH=.;C:\Program Files\Java\jdk1.8.0_25\lib\tools.jar;C:\Program Files\Java\jdk1.8.0_25\lib\dt.jar
PATH=C:\Program Files (x86)\Common Files\Oracle\Java\javapath;C:\ProgramData\Oracle\Java\javapath;C:\Program Files\Java\jdk1.8.0_25\bin;D:\software\java\meaven\apache-maven-3.3.3\bin;C:\Program Files (x86)\Intel\iCLS Client\;C:\Program Files\Intel\iCLS Client\;C:\WINDOWS\system32;C:\WINDOWS;C:\WINDOWS\System32\Wbem;C:\WINDOWS\System32\WindowsPowerShell\v1.0\;C:\Program Files (x86)\Intel\Intel(R) Management Engine Components\DAL;C:\Program Files\Intel\Intel(R) Management Engine Components\DAL;C:\Program Files (x86)\Intel\Intel(R) Management Engine Components\IPT;C:\Program Files\Intel\Intel(R) Management Engine Components\IPT;C:\WINDOWS\System32\OpenSSH\;C:\Program Files\Intel\WiFi\bin\;C:\Program Files\Common Files\Intel\WirelessCommon\;D:\software\java\database\mysql-5.7.23-winx64\mysql-5.7.23-winx64\bin;D:\software\java\database\mongodb\mongodb\bin;D:\software\handel\Git\cmd;D:\software\handel\;C:\Program Files\TortoiseGit\bin;C:\Users\new\AppData\Local\Microsoft\WindowsApps;;D:\software\handel\ssh;C:\Users\new\AppData\Roaming\npm
USERNAME=admin
OS=Windows_NT
PROCESSOR_IDENTIFIER=Intel64 Family 6 Model 142 Stepping 9, GenuineIntel



---------------  S Y S T E M  ---------------

OS: Windows 8.1 , 64 bit Build 9600 

CPU:total 4 (2 cores per cpu, 2 threads per core) family 6 model 142 stepping 9, cmov, cx8, fxsr, mmx, sse, sse2, sse3, ssse3, sse4.1, sse4.2, popcnt, avx, avx2, aes, clmul, erms, lzcnt, ht, tsc, tscinvbit, bmi1, bmi2

Memory: 4k page, physical 8267308k(1468016k free), swap 8267308k(5276k free)

vm_info: Java HotSpot(TM) 64-Bit Server VM (25.25-b02) for windows-amd64 JRE (1.8.0_25-b18), built on Oct  7 2014 14:25:37 by "java_re" with MS VC++ 10.0 (VS2010)

time: Sun Jun 14 17:24:21 2020
elapsed time: 0 seconds (0d 0h 0m 0s)

