#
# There is insufficient memory for the Java Runtime Environment to continue.
# Native memory allocation (malloc) failed to allocate 168736 bytes for Chunk::new
# Possible reasons:
#   The system is out of physical RAM or swap space
#   In 32 bit mode, the process size limit was hit
# Possible solutions:
#   Reduce memory load on the system
#   Increase physical memory or swap space
#   Check if swap backing store is full
#   Use 64 bit Java on a 64 bit OS
#   Decrease Java heap size (-Xmx/-Xms)
#   Decrease number of Java threads
#   Decrease Java thread stack sizes (-Xss)
#   Set larger code cache with -XX:ReservedCodeCacheSize=
# This output file may be truncated or incomplete.
#
#  Out of Memory Error (allocation.cpp:390), pid=7508, tid=11900
#
# JRE version: Java(TM) SE Runtime Environment (8.0_25-b18) (build 1.8.0_25-b18)
# Java VM: Java HotSpot(TM) 64-Bit Server VM (25.25-b02 mixed mode windows-amd64 compressed oops)
# Failed to write core dump. Minidumps are not enabled by default on client versions of Windows
#

---------------  T H R E A D  ---------------

Current thread (0x0000000017e73000):  JavaThread "C2 CompilerThread0" daemon [_thread_in_native, id=11900, stack(0x00000000197a0000,0x00000000198a0000)]

Stack: [0x00000000197a0000,0x00000000198a0000]
Native frames: (J=compiled Java code, j=interpreted, Vv=VM code, C=native code)
V  [jvm.dll+0x31667a]
V  [jvm.dll+0x267073]
V  [jvm.dll+0x267cb3]
V  [jvm.dll+0x25f5b5]
V  [jvm.dll+0xbf165]
V  [jvm.dll+0xbf60c]
V  [jvm.dll+0x45d672]
V  [jvm.dll+0x49e8ef]
V  [jvm.dll+0x452275]
V  [jvm.dll+0x453864]
V  [jvm.dll+0x437372]
V  [jvm.dll+0x98a02]
V  [jvm.dll+0x991f3]
V  [jvm.dll+0x22bde4]
V  [jvm.dll+0x2852fa]
C  [msvcr100.dll+0x21d9f]
C  [msvcr100.dll+0x21e3b]
C  [KERNEL32.DLL+0x14034]
C  [ntdll.dll+0x73691]


Current CompileTask:
C2:   6752 3820       4       org.springframework.boot.context.properties.source.ConfigurationPropertyState::search (56 bytes)


---------------  P R O C E S S  ---------------

Java Threads: ( => current thread )
  0x000000001aaaf000 JavaThread "restartedMain" [_thread_in_vm, id=11948, stack(0x000000001b570000,0x000000001b670000)]
  0x000000001aab0000 JavaThread "Thread-0" [_thread_blocked, id=3312, stack(0x000000001b470000,0x000000001b570000)]
  0x000000001922d800 JavaThread "Service Thread" daemon [_thread_blocked, id=10380, stack(0x0000000019aa0000,0x0000000019ba0000)]
  0x00000000191fe800 JavaThread "C1 CompilerThread2" daemon [_thread_blocked, id=12404, stack(0x00000000199a0000,0x0000000019aa0000)]
  0x0000000017ea4000 JavaThread "C2 CompilerThread1" daemon [_thread_in_native, id=13412, stack(0x00000000198a0000,0x00000000199a0000)]
=>0x0000000017e73000 JavaThread "C2 CompilerThread0" daemon [_thread_in_native, id=11900, stack(0x00000000197a0000,0x00000000198a0000)]
  0x0000000017e72800 JavaThread "Attach Listener" daemon [_thread_blocked, id=12464, stack(0x00000000196a0000,0x00000000197a0000)]
  0x00000000191e2800 JavaThread "Signal Dispatcher" daemon [_thread_blocked, id=4116, stack(0x00000000195a0000,0x00000000196a0000)]
  0x0000000017e1d800 JavaThread "Finalizer" daemon [_thread_blocked, id=5248, stack(0x00000000190a0000,0x00000000191a0000)]
  0x0000000003319000 JavaThread "Reference Handler" daemon [_thread_blocked, id=12456, stack(0x0000000018fa0000,0x00000000190a0000)]
  0x000000000321d000 JavaThread "main" [_thread_blocked, id=15312, stack(0x0000000003070000,0x0000000003170000)]

Other Threads:
  0x0000000017e16800 VMThread [stack: 0x0000000018ea0000,0x0000000018fa0000] [id=1600]
  0x0000000019245000 WatcherThread [stack: 0x0000000019ba0000,0x0000000019ca0000] [id=6560]

VM state:not at safepoint (normal execution)

VM Mutex/Monitor currently owned by a thread: None

Heap:
 PSYoungGen      total 210432K, used 7607K [0x00000000d5f00000, 0x00000000e3a80000, 0x0000000100000000)
  eden space 196096K, 3% used [0x00000000d5f00000,0x00000000d666dfa8,0x00000000e1e80000)
  from space 14336K, 0% used [0x00000000e1e80000,0x00000000e1e80000,0x00000000e2c80000)
  to   space 13312K, 0% used [0x00000000e2d80000,0x00000000e2d80000,0x00000000e3a80000)
 ParOldGen       total 100352K, used 19880K [0x0000000081c00000, 0x0000000087e00000, 0x00000000d5f00000)
  object space 100352K, 19% used [0x0000000081c00000,0x0000000082f6a320,0x0000000087e00000)
 Metaspace       used 34277K, capacity 35776K, committed 36056K, reserved 1083392K
  class space    used 4492K, capacity 4739K, committed 4864K, reserved 1048576K

Card table byte_map: [0x00000000126e0000,0x0000000012ae0000] byte_map_base: 0x00000000122d2000

Marking Bits: (ParMarkBitMap*) 0x0000000076e8d490
 Begin Bits: [0x0000000013190000, 0x0000000015120000)
 End Bits:   [0x0000000015120000, 0x00000000170b0000)

Polling page: 0x0000000001350000

CodeCache: size=245760Kb used=12350Kb max_used=12515Kb free=233410Kb
 bounds [0x0000000003320000, 0x0000000003f70000, 0x0000000012320000]
 total_blobs=3897 nmethods=3480 adapters=329
 compilation: enabled

Compilation events (10 events):
Event: 6.717 Thread 0x00000000191fe800 3814       3       java.util.Spliterators$1Adapter::accept (11 bytes)
Event: 6.717 Thread 0x00000000191fe800 nmethod 3814 0x00000000035c3bd0 code [0x00000000035c3d20, 0x00000000035c3e90]
Event: 6.718 Thread 0x00000000191fe800 3815       3       java.util.Spliterators$1Adapter::next (32 bytes)
Event: 6.718 Thread 0x00000000191fe800 nmethod 3815 0x000000000393ad10 code [0x000000000393aea0, 0x000000000393b298]
Event: 6.719 Thread 0x0000000017ea4000 nmethod 3798 0x0000000003852650 code [0x0000000003852880, 0x00000000038535d0]
Event: 6.719 Thread 0x0000000017ea4000 3807       4       org.springframework.boot.context.properties.source.SpringConfigurationPropertySources$SourcesIterator::hasNext (13 bytes)
Event: 6.719 Thread 0x00000000191fe800 3817       3       java.util.stream.SpinedBuffer::get (123 bytes)
Event: 6.719 Thread 0x0000000017ea4000 nmethod 3807 0x000000000349cdd0 code [0x000000000349cf20, 0x000000000349cfa8]
Event: 6.720 Thread 0x00000000191fe800 nmethod 3817 0x0000000003a01f50 code [0x0000000003a02140, 0x0000000003a028b8]
Event: 6.720 Thread 0x00000000191fe800 3818   !   3       org.springframework.aop.framework.CglibAopProxy$DynamicAdvisedInterceptor::intercept (231 bytes)

GC Heap History (10 events):
Event: 2.000 GC heap before
{Heap before GC invocations=5 (full 1):
 PSYoungGen      total 138240K, used 5104K [0x00000000d5f00000, 0x00000000deb00000, 0x0000000100000000)
  eden space 133120K, 0% used [0x00000000d5f00000,0x00000000d5f00000,0x00000000de100000)
  from space 5120K, 99% used [0x00000000de600000,0x00000000deafc2c0,0x00000000deb00000)
  to   space 5120K, 0% used [0x00000000de100000,0x00000000de100000,0x00000000de600000)
 ParOldGen       total 87552K, used 10018K [0x0000000081c00000, 0x0000000087180000, 0x00000000d5f00000)
  object space 87552K, 11% used [0x0000000081c00000,0x00000000825c8b28,0x0000000087180000)
 Metaspace       used 20646K, capacity 21198K, committed 21248K, reserved 1067008K
  class space    used 2670K, capacity 2800K, committed 2816K, reserved 1048576K
Event: 2.035 GC heap after
Heap after GC invocations=5 (full 1):
 PSYoungGen      total 138240K, used 0K [0x00000000d5f00000, 0x00000000deb00000, 0x0000000100000000)
  eden space 133120K, 0% used [0x00000000d5f00000,0x00000000d5f00000,0x00000000de100000)
  from space 5120K, 0% used [0x00000000de600000,0x00000000de600000,0x00000000deb00000)
  to   space 5120K, 0% used [0x00000000de100000,0x00000000de100000,0x00000000de600000)
 ParOldGen       total 62464K, used 7711K [0x0000000081c00000, 0x0000000085900000, 0x00000000d5f00000)
  object space 62464K, 12% used [0x0000000081c00000,0x0000000082387e48,0x0000000085900000)
 Metaspace       used 20645K, capacity 21196K, committed 21248K, reserved 1067008K
  class space    used 2669K, capacity 2799K, committed 2816K, reserved 1048576K
}
Event: 4.992 GC heap before
{Heap before GC invocations=6 (full 1):
 PSYoungGen      total 138240K, used 133120K [0x00000000d5f00000, 0x00000000deb00000, 0x0000000100000000)
  eden space 133120K, 100% used [0x00000000d5f00000,0x00000000de100000,0x00000000de100000)
  from space 5120K, 0% used [0x00000000de600000,0x00000000de600000,0x00000000deb00000)
  to   space 5120K, 0% used [0x00000000de100000,0x00000000de100000,0x00000000de600000)
 ParOldGen       total 62464K, used 7711K [0x0000000081c00000, 0x0000000085900000, 0x00000000d5f00000)
  object space 62464K, 12% used [0x0000000081c00000,0x0000000082387e48,0x0000000085900000)
 Metaspace       used 29309K, capacity 30300K, committed 30464K, reserved 1075200K
  class space    used 3810K, capacity 4016K, committed 4096K, reserved 1048576K
Event: 5.020 GC heap after
Heap after GC invocations=6 (full 1):
 PSYoungGen      total 138240K, used 5103K [0x00000000d5f00000, 0x00000000e3a80000, 0x0000000100000000)
  eden space 133120K, 0% used [0x00000000d5f00000,0x00000000d5f00000,0x00000000de100000)
  from space 5120K, 99% used [0x00000000de100000,0x00000000de5fbc60,0x00000000de600000)
  to   space 13312K, 0% used [0x00000000e2d80000,0x00000000e2d80000,0x00000000e3a80000)
 ParOldGen       total 62464K, used 15593K [0x0000000081c00000, 0x0000000085900000, 0x00000000d5f00000)
  object space 62464K, 24% used [0x0000000081c00000,0x0000000082b3a698,0x0000000085900000)
 Metaspace       used 29309K, capacity 30300K, committed 30464K, reserved 1075200K
  class space    used 3810K, capacity 4016K, committed 4096K, reserved 1048576K
}
Event: 6.389 GC heap before
{Heap before GC invocations=7 (full 1):
 PSYoungGen      total 138240K, used 138223K [0x00000000d5f00000, 0x00000000e3a80000, 0x0000000100000000)
  eden space 133120K, 100% used [0x00000000d5f00000,0x00000000de100000,0x00000000de100000)
  from space 5120K, 99% used [0x00000000de100000,0x00000000de5fbc60,0x00000000de600000)
  to   space 13312K, 0% used [0x00000000e2d80000,0x00000000e2d80000,0x00000000e3a80000)
 ParOldGen       total 62464K, used 15593K [0x0000000081c00000, 0x0000000085900000, 0x00000000d5f00000)
  object space 62464K, 24% used [0x0000000081c00000,0x0000000082b3a698,0x0000000085900000)
 Metaspace       used 33478K, capacity 34706K, committed 34816K, reserved 1079296K
  class space    used 4392K, capacity 4608K, committed 4608K, reserved 1048576K
Event: 6.406 GC heap after
Heap after GC invocations=7 (full 1):
 PSYoungGen      total 209408K, used 11843K [0x00000000d5f00000, 0x00000000e3a80000, 0x0000000100000000)
  eden space 196096K, 0% used [0x00000000d5f00000,0x00000000d5f00000,0x00000000e1e80000)
  from space 13312K, 88% used [0x00000000e2d80000,0x00000000e3910c40,0x00000000e3a80000)
  to   space 14336K, 0% used [0x00000000e1e80000,0x00000000e1e80000,0x00000000e2c80000)
 ParOldGen       total 62464K, used 15601K [0x0000000081c00000, 0x0000000085900000, 0x00000000d5f00000)
  object space 62464K, 24% used [0x0000000081c00000,0x0000000082b3c698,0x0000000085900000)
 Metaspace       used 33478K, capacity 34706K, committed 34816K, reserved 1079296K
  class space    used 4392K, capacity 4608K, committed 4608K, reserved 1048576K
}
Event: 6.594 GC heap before
{Heap before GC invocations=8 (full 1):
 PSYoungGen      total 209408K, used 31039K [0x00000000d5f00000, 0x00000000e3a80000, 0x0000000100000000)
  eden space 196096K, 9% used [0x00000000d5f00000,0x00000000d71befe8,0x00000000e1e80000)
  from space 13312K, 88% used [0x00000000e2d80000,0x00000000e3910c40,0x00000000e3a80000)
  to   space 14336K, 0% used [0x00000000e1e80000,0x00000000e1e80000,0x00000000e2c80000)
 ParOldGen       total 62464K, used 15601K [0x0000000081c00000, 0x0000000085900000, 0x00000000d5f00000)
  object space 62464K, 24% used [0x0000000081c00000,0x0000000082b3c698,0x0000000085900000)
 Metaspace       used 34071K, capacity 35360K, committed 35416K, reserved 1079296K
  class space    used 4453K, capacity 4687K, committed 4736K, reserved 1048576K
Event: 6.604 GC heap after
Heap after GC invocations=8 (full 1):
 PSYoungGen      total 210432K, used 9304K [0x00000000d5f00000, 0x00000000e3a80000, 0x0000000100000000)
  eden space 196096K, 0% used [0x00000000d5f00000,0x00000000d5f00000,0x00000000e1e80000)
  from space 14336K, 64% used [0x00000000e1e80000,0x00000000e2796248,0x00000000e2c80000)
  to   space 13312K, 0% used [0x00000000e2d80000,0x00000000e2d80000,0x00000000e3a80000)
 ParOldGen       total 62464K, used 15673K [0x0000000081c00000, 0x0000000085900000, 0x00000000d5f00000)
  object space 62464K, 25% used [0x0000000081c00000,0x0000000082b4e6a8,0x0000000085900000)
 Metaspace       used 34071K, capacity 35360K, committed 35416K, reserved 1079296K
  class space    used 4453K, capacity 4687K, committed 4736K, reserved 1048576K
}
Event: 6.604 GC heap before
{Heap before GC invocations=9 (full 2):
 PSYoungGen      total 210432K, used 9304K [0x00000000d5f00000, 0x00000000e3a80000, 0x0000000100000000)
  eden space 196096K, 0% used [0x00000000d5f00000,0x00000000d5f00000,0x00000000e1e80000)
  from space 14336K, 64% used [0x00000000e1e80000,0x00000000e2796248,0x00000000e2c80000)
  to   space 13312K, 0% used [0x00000000e2d80000,0x00000000e2d80000,0x00000000e3a80000)
 ParOldGen       total 62464K, used 15673K [0x0000000081c00000, 0x0000000085900000, 0x00000000d5f00000)
  object space 62464K, 25% used [0x0000000081c00000,0x0000000082b4e6a8,0x0000000085900000)
 Metaspace       used 34071K, capacity 35360K, committed 35416K, reserved 1079296K
  class space    used 4453K, capacity 4687K, committed 4736K, reserved 1048576K
Event: 6.699 GC heap after
Heap after GC invocations=9 (full 2):
 PSYoungGen      total 210432K, used 0K [0x00000000d5f00000, 0x00000000e3a80000, 0x0000000100000000)
  eden space 196096K, 0% used [0x00000000d5f00000,0x00000000d5f00000,0x00000000e1e80000)
  from space 14336K, 0% used [0x00000000e1e80000,0x00000000e1e80000,0x00000000e2c80000)
  to   space 13312K, 0% used [0x00000000e2d80000,0x00000000e2d80000,0x00000000e3a80000)
 ParOldGen       total 100352K, used 19880K [0x0000000081c00000, 0x0000000087e00000, 0x00000000d5f00000)
  object space 100352K, 19% used [0x0000000081c00000,0x0000000082f6a320,0x0000000087e00000)
 Metaspace       used 34071K, capacity 35360K, committed 35416K, reserved 1079296K
  class space    used 4453K, capacity 4687K, committed 4736K, reserved 1048576K
}

Deoptimization events (10 events):
Event: 3.340 Thread 0x000000001aaaf000 Uncommon trap: reason=class_check action=maybe_recompile pc=0x0000000003772690 method=java.util.concurrent.ConcurrentHashMap.putVal(Ljava/lang/Object;Ljava/lang/Object;Z)Ljava/lang/Object; @ 192
Event: 3.355 Thread 0x000000001aaaf000 Uncommon trap: reason=class_check action=maybe_recompile pc=0x0000000003772690 method=java.util.concurrent.ConcurrentHashMap.putVal(Ljava/lang/Object;Ljava/lang/Object;Z)Ljava/lang/Object; @ 192
Event: 4.833 Thread 0x000000001aaaf000 Uncommon trap: reason=null_check action=make_not_entrant pc=0x00000000037a810c method=sun.misc.URLClassPath$JarLoader.getResource(Ljava/lang/String;ZLjava/util/Set;)Lsun/misc/Resource; @ 92
Event: 5.993 Thread 0x000000001aaaf000 Uncommon trap: reason=class_check action=maybe_recompile pc=0x0000000003e16bd8 method=org.springframework.asm.ClassReader.readCode(Lorg/springframework/asm/MethodVisitor;Lorg/springframework/asm/Context;I)V @ 1530
Event: 5.993 Thread 0x000000001aaaf000 Uncommon trap: reason=class_check action=maybe_recompile pc=0x0000000003e16bd8 method=org.springframework.asm.ClassReader.readCode(Lorg/springframework/asm/MethodVisitor;Lorg/springframework/asm/Context;I)V @ 1530
Event: 6.008 Thread 0x000000001aaaf000 Uncommon trap: reason=class_check action=maybe_recompile pc=0x0000000003e16bd8 method=org.springframework.asm.ClassReader.readCode(Lorg/springframework/asm/MethodVisitor;Lorg/springframework/asm/Context;I)V @ 1530
Event: 6.008 Thread 0x000000001aaaf000 Uncommon trap: reason=class_check action=maybe_recompile pc=0x0000000003e16bd8 method=org.springframework.asm.ClassReader.readCode(Lorg/springframework/asm/MethodVisitor;Lorg/springframework/asm/Context;I)V @ 1530
Event: 6.269 Thread 0x000000001aaaf000 Uncommon trap: reason=unloaded action=reinterpret pc=0x00000000039c21d0 method=java.lang.Class.createAnnotationData(I)Ljava/lang/Class$AnnotationData; @ 98
Event: 6.520 Thread 0x000000001aaaf000 Uncommon trap: reason=unreached action=reinterpret pc=0x0000000003e67f30 method=org.springframework.boot.context.properties.source.SpringIterableConfigurationPropertySource.getConfigurationPropertyNames()Ljava/util/List; @ 19
Event: 6.541 Thread 0x000000001aaaf000 Uncommon trap: reason=null_check action=make_not_entrant pc=0x000000000350fcd8 method=org.springframework.util.ClassUtils.isAssignable(Ljava/lang/Class;Ljava/lang/Class;)Z @ 14

Internal exceptions (10 events):
Event: 6.718 Thread 0x000000001aaaf000 Exception <a 'java/security/PrivilegedActionException'> (0x00000000d60de8f0) thrown at [D:\re\workspace\8-2-build-windows-amd64-cygwin\jdk8u25\1677\hotspot\src\share\vm\prims\jvm.cpp, line 1312]
Event: 6.718 Thread 0x000000001aaaf000 Exception <a 'java/security/PrivilegedActionException'> (0x00000000d6107b58) thrown at [D:\re\workspace\8-2-build-windows-amd64-cygwin\jdk8u25\1677\hotspot\src\share\vm\prims\jvm.cpp, line 1312]
Event: 6.718 Thread 0x000000001aaaf000 Exception <a 'java/security/PrivilegedActionException'> (0x00000000d610a078) thrown at [D:\re\workspace\8-2-build-windows-amd64-cygwin\jdk8u25\1677\hotspot\src\share\vm\prims\jvm.cpp, line 1312]
Event: 6.718 Thread 0x000000001aaaf000 Exception <a 'java/security/PrivilegedActionException'> (0x00000000d610aef0) thrown at [D:\re\workspace\8-2-build-windows-amd64-cygwin\jdk8u25\1677\hotspot\src\share\vm\prims\jvm.cpp, line 1312]
Event: 6.719 Thread 0x000000001aaaf000 Exception <a 'java/security/PrivilegedActionException'> (0x00000000d6134158) thrown at [D:\re\workspace\8-2-build-windows-amd64-cygwin\jdk8u25\1677\hotspot\src\share\vm\prims\jvm.cpp, line 1312]
Event: 6.719 Thread 0x000000001aaaf000 Exception <a 'java/lang/ClassNotFoundException': org/springframework/boot/autoconfigure/web/servlet/HttpEncodingAutoConfiguration$$EnhancerBySpringCGLIB$$562ab8b7Customizer> (0x00000000d6134750) thrown at [D:\re\workspace\8-2-build-windows-amd64-cygwin\jdkQ\aKRà@
Event: 6.719 Thread 0x000000001aaaf000 Exception <a 'java/security/PrivilegedActionException'> (0x00000000d613eca0) thrown at [D:\re\workspace\8-2-build-windows-amd64-cygwin\jdk8u25\1677\hotspot\src\share\vm\prims\jvm.cpp, line 1312]
Event: 6.719 Thread 0x000000001aaaf000 Exception <a 'java/security/PrivilegedActionException'> (0x00000000d615ffa0) thrown at [D:\re\workspace\8-2-build-windows-amd64-cygwin\jdk8u25\1677\hotspot\src\share\vm\prims\jvm.cpp, line 1312]
Event: 6.720 Thread 0x000000001aaaf000 Exception <a 'java/security/PrivilegedActionException'> (0x00000000d6162108) thrown at [D:\re\workspace\8-2-build-windows-amd64-cygwin\jdk8u25\1677\hotspot\src\share\vm\prims\jvm.cpp, line 1312]
Event: 6.720 Thread 0x000000001aaaf000 Exception <a 'java/security/PrivilegedActionException'> (0x00000000d6162eb8) thrown at [D:\re\workspace\8-2-build-windows-amd64-cygwin\jdk8u25\1677\hotspot\src\share\vm\prims\jvm.cpp, line 1312]

Events (10 events):
Event: 6.719 Thread 0x00000000191fe800 flushing nmethod 0x00000000039b44d0
Event: 6.719 Thread 0x00000000191fe800 flushing nmethod 0x00000000039ef790
Event: 6.719 loading class org/springframework/context/annotation/ConfigurationClassEnhancer$EnhancedConfigurationCustomizer
Event: 6.719 loading class org/springframework/context/annotation/ConfigurationClassEnhancer$EnhancedConfigurationCustomizer done
Event: 6.719 Thread 0x00000000191fe800 flushing nmethod 0x0000000003a01f50
Event: 6.719 Thread 0x0000000017ea4000 flushing nmethod 0x0000000003a24b10
Event: 6.719 Thread 0x0000000017ea4000 flushing nmethod 0x0000000003a2ba50
Event: 6.720 loading class org/springframework/context/annotation/ConfigurationClassEnhancer$EnhancedConfigurationCustomizer
Event: 6.720 Thread 0x0000000017ea4000 flushing nmethod 0x0000000003a68390
Event: 6.720 loading class org/springframework/context/annotation/ConfigurationClassEnhancer$EnhancedConfigurationCustomizer done


Dynamic libraries:
0x00007ff65aad0000 - 0x00007ff65ab04000 	C:\Program Files\Java\jdk1.8.0_25\bin\javaw.exe
0x00007fff7e4e0000 - 0x00007fff7e6c1000 	C:\WINDOWS\SYSTEM32\ntdll.dll
0x00007fff7ba80000 - 0x00007fff7bb31000 	C:\WINDOWS\System32\KERNEL32.DLL
0x00007fff7acb0000 - 0x00007fff7af23000 	C:\WINDOWS\System32\KERNELBASE.dll
0x00007fff7c600000 - 0x00007fff7c6a1000 	C:\WINDOWS\System32\ADVAPI32.dll
0x00007fff7bda0000 - 0x00007fff7be3e000 	C:\WINDOWS\System32\msvcrt.dll
0x00007fff7ba00000 - 0x00007fff7ba5b000 	C:\WINDOWS\System32\sechost.dll
0x00007fff7c320000 - 0x00007fff7c444000 	C:\WINDOWS\System32\RPCRT4.dll
0x00007fff7be40000 - 0x00007fff7bfd1000 	C:\WINDOWS\System32\USER32.dll
0x00007fff7b930000 - 0x00007fff7b950000 	C:\WINDOWS\System32\win32u.dll
0x00007fff7cda0000 - 0x00007fff7cdc8000 	C:\WINDOWS\System32\GDI32.dll
0x00007fff7a990000 - 0x00007fff7ab21000 	C:\WINDOWS\System32\gdi32full.dll
0x00007fff7a8f0000 - 0x00007fff7a98f000 	C:\WINDOWS\System32\msvcp_win.dll
0x00007fff7ab30000 - 0x00007fff7ac28000 	C:\WINDOWS\System32\ucrtbase.dll
0x00007fff606d0000 - 0x00007fff60939000 	C:\WINDOWS\WinSxS\amd64_microsoft.windows.common-controls_6595b64144ccf1df_6.0.17134.1130_none_d3ff42617c90becf\COMCTL32.dll
0x00007fff7bff0000 - 0x00007fff7c311000 	C:\WINDOWS\System32\combase.dll
0x00007fff7ac30000 - 0x00007fff7aca9000 	C:\WINDOWS\System32\bcryptPrimitives.dll
0x00007fff7cea0000 - 0x00007fff7cecd000 	C:\WINDOWS\System32\IMM32.DLL
0x0000000051740000 - 0x0000000051812000 	C:\Program Files\Java\jdk1.8.0_25\jre\bin\msvcr100.dll
0x00000000766b0000 - 0x0000000076f0a000 	C:\Program Files\Java\jdk1.8.0_25\jre\bin\server\jvm.dll
0x00007fff7ced0000 - 0x00007fff7ced8000 	C:\WINDOWS\System32\PSAPI.DLL
0x00007fff65c80000 - 0x00007fff65c89000 	C:\WINDOWS\SYSTEM32\WSOCK32.dll
0x00007fff78540000 - 0x00007fff78563000 	C:\WINDOWS\SYSTEM32\WINMM.dll
0x00007fff7c450000 - 0x00007fff7c4bc000 	C:\WINDOWS\System32\WS2_32.dll
0x00007fff78510000 - 0x00007fff7853a000 	C:\WINDOWS\SYSTEM32\winmmbase.dll
0x00007fff7af30000 - 0x00007fff7af79000 	C:\WINDOWS\System32\cfgmgr32.dll
0x0000000051390000 - 0x000000005139f000 	C:\Program Files\Java\jdk1.8.0_25\jre\bin\verify.dll
0x0000000051360000 - 0x0000000051388000 	C:\Program Files\Java\jdk1.8.0_25\jre\bin\java.dll
0x0000000051340000 - 0x0000000051356000 	C:\Program Files\Java\jdk1.8.0_25\jre\bin\zip.dll
0x00007fff7d060000 - 0x00007fff7e4a5000 	C:\WINDOWS\System32\SHELL32.dll
0x00007fff7b950000 - 0x00007fff7b9f9000 	C:\WINDOWS\System32\shcore.dll
0x00007fff7b170000 - 0x00007fff7b880000 	C:\WINDOWS\System32\windows.storage.dll
0x00007fff7c4c0000 - 0x00007fff7c511000 	C:\WINDOWS\System32\shlwapi.dll
0x00007fff7a870000 - 0x00007fff7a881000 	C:\WINDOWS\System32\kernel.appcore.dll
0x00007fff7a850000 - 0x00007fff7a86f000 	C:\WINDOWS\System32\profapi.dll
0x00007fff7a800000 - 0x00007fff7a84c000 	C:\WINDOWS\System32\powrprof.dll
0x00007fff7a7f0000 - 0x00007fff7a7fa000 	C:\WINDOWS\System32\FLTLIB.DLL
0x0000000051320000 - 0x000000005133a000 	C:\Program Files\Java\jdk1.8.0_25\jre\bin\net.dll
0x00007fff79fd0000 - 0x00007fff7a036000 	C:\WINDOWS\system32\mswsock.dll
0x00007fff79d20000 - 0x00007fff79d58000 	C:\WINDOWS\SYSTEM32\IPHLPAPI.DLL
0x00007fff7bb40000 - 0x00007fff7bb48000 	C:\WINDOWS\System32\NSI.dll
0x00007fff701a0000 - 0x00007fff701b6000 	C:\WINDOWS\SYSTEM32\dhcpcsvc6.DLL
0x00007fff703a0000 - 0x00007fff703ba000 	C:\WINDOWS\SYSTEM32\dhcpcsvc.DLL
0x00007fff79d60000 - 0x00007fff79e1e000 	C:\WINDOWS\SYSTEM32\DNSAPI.dll
0x00007fff6dcd0000 - 0x00007fff6dcda000 	C:\Windows\System32\rasadhlp.dll
0x00007fff6e990000 - 0x00007fff6ea02000 	C:\WINDOWS\System32\fwpuclnt.dll
0x00007fff7a310000 - 0x00007fff7a335000 	C:\WINDOWS\SYSTEM32\bcrypt.dll
0x0000000051310000 - 0x000000005131d000 	C:\Program Files\Java\jdk1.8.0_25\jre\bin\management.dll
0x00007fff64820000 - 0x00007fff64836000 	C:\WINDOWS\system32\napinsp.dll
0x00007fff64800000 - 0x00007fff6481a000 	C:\WINDOWS\system32\pnrpnsp.dll
0x00007fff76d30000 - 0x00007fff76d49000 	C:\WINDOWS\system32\NLAapi.dll
0x00007fff647f0000 - 0x00007fff647fe000 	C:\WINDOWS\System32\winrnr.dll
0x00007fff647d0000 - 0x00007fff647e5000 	C:\WINDOWS\System32\wshbth.dll
0x00000000512f0000 - 0x0000000051301000 	C:\Program Files\Java\jdk1.8.0_25\jre\bin\nio.dll
0x00007fff79190000 - 0x00007fff79359000 	C:\WINDOWS\SYSTEM32\dbghelp.dll

VM Arguments:
jvm_args: -Dfile.encoding=UTF-8 
java_command: org.com.liurz.iresources.servcie.UserApplication
java_class_path (initial): D:\workspace\iresources\com.liurz.iresources.servcie\target\classes;D:\software\java\meaven\M2\repository\org\springframework\boot\spring-boot-starter\2.0.2.RELEASE\spring-boot-starter-2.0.2.RELEASE.jar;D:\software\java\meaven\M2\repository\org\springframework\boot\spring-boot\2.0.2.RELEASE\spring-boot-2.0.2.RELEASE.jar;D:\software\java\meaven\M2\repository\org\springframework\boot\spring-boot-autoconfigure\2.0.2.RELEASE\spring-boot-autoconfigure-2.0.2.RELEASE.jar;D:\software\java\meaven\M2\repository\org\springframework\boot\spring-boot-starter-logging\2.0.2.RELEASE\spring-boot-starter-logging-2.0.2.RELEASE.jar;D:\software\java\meaven\M2\repository\ch\qos\logback\logback-classic\1.2.3\logback-classic-1.2.3.jar;D:\software\java\meaven\M2\repository\ch\qos\logback\logback-core\1.2.3\logback-core-1.2.3.jar;D:\software\java\meaven\M2\repository\org\apache\logging\log4j\log4j-to-slf4j\2.10.0\log4j-to-slf4j-2.10.0.jar;D:\software\java\meaven\M2\repository\org\apache\logging\log4j\log4j-api\2.10.0\log4j-api-2.10.0.jar;D:\software\java\meaven\M2\repository\org\slf4j\jul-to-slf4j\1.7.25\jul-to-slf4j-1.7.25.jar;D:\software\java\meaven\M2\repository\javax\annotation\javax.annotation-api\1.3.2\javax.annotation-api-1.3.2.jar;D:\software\java\meaven\M2\repository\org\springframework\spring-core\5.0.6.RELEASE\spring-core-5.0.6.RELEASE.jar;D:\software\java\meaven\M2\repository\org\springframework\spring-jcl\5.0.6.RELEASE\spring-jcl-5.0.6.RELEASE.jar;D:\software\java\meaven\M2\repository\org\yaml\snakeyaml\1.19\snakeyaml-1.19.jar;D:\software\java\meaven\M2\repository\org\springframework\boot\spring-boot-starter-web\2.0.2.RELEASE\spring-boot-starter-web-2.0.2.RELEASE.jar;D:\software\java\meaven\M2\repository\org\springframework\boot\spring-boot-starter-json\2.0.2.RELEASE\spring-boot-starter-json-2.0.2.RELEASE.jar;D:\software\java\meaven\M2\repository\com\fasterxml\jackson\datatype\jackson-datatype-jdk8\2.9.5\jackson-datatype-jdk8-2.9.5.jar;D:\software\ja
Launcher Type: SUN_STANDARD

Environment Variables:
JAVA_HOME=C:\Program Files\Java\jdk1.8.0_25
CLASSPATH=.;C:\Program Files\Java\jdk1.8.0_25\lib\tools.jar;C:\Program Files\Java\jdk1.8.0_25\lib\dt.jar
PATH=C:/Program Files/Java/jre1.8.0_25/bin/server;C:/Program Files/Java/jre1.8.0_25/bin;C:/Program Files/Java/jre1.8.0_25/lib/amd64;C:\Program Files (x86)\Common Files\Oracle\Java\javapath;C:\ProgramData\Oracle\Java\javapath;C:\Program Files\Java\jdk1.8.0_25\bin;D:\software\java\meaven\apache-maven-3.3.3\bin;C:\Program Files (x86)\Intel\iCLS Client\;C:\Program Files\Intel\iCLS Client\;C:\WINDOWS\system32;C:\WINDOWS;C:\WINDOWS\System32\Wbem;C:\WINDOWS\System32\WindowsPowerShell\v1.0\;C:\Program Files (x86)\Intel\Intel(R) Management Engine Components\DAL;C:\Program Files\Intel\Intel(R) Management Engine Components\DAL;C:\Program Files (x86)\Intel\Intel(R) Management Engine Components\IPT;C:\Program Files\Intel\Intel(R) Management Engine Components\IPT;C:\WINDOWS\System32\OpenSSH\;C:\Program Files\Intel\WiFi\bin\;C:\Program Files\Common Files\Intel\WirelessCommon\;D:\software\java\database\mysql-5.7.23-winx64\mysql-5.7.23-winx64\bin;D:\software\java\database\mongodb\mongodb\bin;D:\software\handel\Git\cmd;D:\software\handel\;C:\Program Files\TortoiseGit\bin;C:\Users\new\AppData\Local\Microsoft\WindowsApps;;D:\software\handel\ssh;C:\Users\new\AppData\Roaming\npm;D:\software\java\eclipse\eclipse(1.7)\eclipse;
USERNAME=admin
OS=Windows_NT
PROCESSOR_IDENTIFIER=Intel64 Family 6 Model 142 Stepping 9, GenuineIntel



---------------  S Y S T E M  ---------------

OS: Windows 8.1 , 64 bit Build 9600 

CPU:total 4 (2 cores per cpu, 2 threads per core) family 6 model 142 stepping 9, cmov, cx8, fxsr, mmx, sse, sse2, sse3, ssse3, sse4.1, sse4.2, popcnt, avx, avx2, aes, clmul, erms, lzcnt, ht, tsc, tscinvbit, bmi1, bmi2

Memory: 4k page, physical 8267308k(1172528k free), swap 8267308k(4092k free)

vm_info: Java HotSpot(TM) 64-Bit Server VM (25.25-b02) for windows-amd64 JRE (1.8.0_25-b18), built on Oct  7 2014 14:25:37 by "java_re" with MS VC++ 10.0 (VS2010)

time: Sun Jun 14 17:28:59 2020
elapsed time: 6 seconds (0d 0h 0m 6s)

